<?xml version="1.0" encoding="UTF-8"?>
<testng-results ignored="0" total="1" passed="1" failed="0" skipped="0">
  <reporter-output>
  </reporter-output>
  <suite started-at="2021-12-16T12:52:37 IST" name="Default suite" finished-at="2021-12-16T12:52:44 IST" duration-ms="7121">
    <groups>
    </groups>
    <test started-at="2021-12-16T12:52:37 IST" name="Default test" finished-at="2021-12-16T12:52:44 IST" duration-ms="7121">
      <class name="RestAssuredWithBDD.CreateResource">
        <test-method signature="create()[pri:0, instance:RestAssuredWithBDD.CreateResource@378542de]" started-at="2021-12-16T12:52:37 IST" name="create" finished-at="2021-12-16T12:52:44 IST" duration-ms="6889" status="PASS">
          <reporter-output>
          </reporter-output>
        </test-method> <!-- create -->
      </class> <!-- RestAssuredWithBDD.CreateResource -->
    </test> <!-- Default test -->
  </suite> <!-- Default suite -->
</testng-results>
